Wed Feb 13 2019 09:49:23 GMT+0200 (SAST): GET /about
Wed Feb 13 2019 09:49:32 GMT+0200 (SAST): GET /about
Wed Feb 13 2019 09:49:33 GMT+0200 (SAST): GET /
Wed Feb 13 2019 09:49:36 GMT+0200 (SAST): GET /bad
Wed Feb 13 2019 09:53:38 GMT+0200 (SAST): GET /
Wed Feb 13 2019 09:53:39 GMT+0200 (SAST): GET /favicon.ico
Wed Feb 13 2019 09:55:34 GMT+0200 (SAST): GET /
Wed Feb 13 2019 09:55:34 GMT+0200 (SAST): GET /favicon.ico
Wed Feb 13 2019 09:55:38 GMT+0200 (SAST): GET /help.html
Wed Feb 13 2019 09:55:38 GMT+0200 (SAST): GET /favicon.ico
Wed Feb 13 2019 09:55:52 GMT+0200 (SAST): GET /help.html
Wed Feb 13 2019 09:56:00 GMT+0200 (SAST): GET /help.html
Wed Feb 13 2019 09:56:00 GMT+0200 (SAST): GET /favicon.ico
Wed Feb 13 2019 09:56:01 GMT+0200 (SAST): GET /help.html
Wed Feb 13 2019 09:56:01 GMT+0200 (SAST): GET /favicon.ico
Wed Feb 13 2019 09:56:06 GMT+0200 (SAST): GET /
Wed Feb 13 2019 09:56:06 GMT+0200 (SAST): GET /favicon.ico
Wed Feb 13 2019 15:28:48 GMT+0200 (SAST): GET /
Wed Feb 13 2019 15:28:49 GMT+0200 (SAST): GET /favicon.ico
Wed Feb 13 2019 15:28:51 GMT+0200 (SAST): GET /projects
Wed Feb 13 2019 15:28:53 GMT+0200 (SAST): GET /about
Wed Feb 13 2019 15:28:54 GMT+0200 (SAST): GET /projects
Wed Feb 13 2019 15:28:54 GMT+0200 (SAST): GET /
Wed Feb 13 2019 15:29:28 GMT+0200 (SAST): GET /
Wed Feb 13 2019 15:29:29 GMT+0200 (SAST): GET /
Wed Feb 13 2019 15:29:29 GMT+0200 (SAST): GET /favicon.ico
Wed Feb 13 2019 15:29:31 GMT+0200 (SAST): GET /projects
Wed Feb 13 2019 15:29:31 GMT+0200 (SAST): GET /about
Wed Feb 13 2019 15:29:32 GMT+0200 (SAST): GET /
